<adapter-request>
    <target-adapter>responseAdapter</target-adapter>
    <peer-location>
        <location>this</location>
        <peer-name/>
    </peer-location>
    <request-action>ssh</request-action>
    <request-data>
        <ssh-reqeust>
            <target>
                <host>198.224.30.24</host>
                <username>root</username>
                <password>changeme</password>
                <port>22</port>
            </target>
            <commands>
                <command pause-before-milliseconds="3000" prompt="Are you sure you want to reset /SYS (y/n)?">reset /SYS</command>
                <command prompt="->">y</command>
                <command prompt="Are you sure you want to start /SP/console (y/n)?">start /SP/console</command>
                <command prompt="N:">y</command>
                <command prompt="N:" ctrl="true">N</command>
                <command ctrl="true">N</command>
            </commands>
        </ssh-reqeust>
    </request-data>
</adapter-request>
