<adapter-request>
    <target-adapter>responseAdapter</target-adapter>
    <peer-location>
        <location>this</location>
        <peer-name/>
    </peer-location>
    <request-action>start_console</request-action>
    <request-data>
        <ssh-reqeust>
            <target>
                <host>198.224.30.24</host>
                <username>root</username>
                <password>abc123</password>
            </target>
            <commands>
                <command prompt="Are you sure you want ot reset /SYS (y/n)?">reset /SYS</command>
                <command prompt="->">y</command>
                <command prompt="Are you sure you want ot start /SYS (y/n)?">start /SP/console</command>
                <command prompt="Serial console started. to stop, type esc (">y</command>
                <command ctrl="true">N</command>
            </commands>
        </ssh-reqeust>
    </request-data>
</adapter-request>
